{"name": "Verify Non AC buses are listed for Non AC filter and AC buses are listed for AC filter -- @1.2 ", "status": "broken", "statusDetails": {"message": "selenium.common.exceptions.NoSuchElementException: Message: no such element: Unable to locate element: {\"method\":\"xpath\",\"selector\":\"//p[contains(text(), 'NON-AC')]\"}\n  (Session info: chrome=120.0.6099.130); For documentation on this error, please visit: https://www.selenium.dev/documentation/webdriver/troubleshooting/errors#no-such-element-exception\nStacktrace:\n\tGetHandleVerifier [0x00007FF77E7D2142+3514994]\n\t(No symbol) [0x00007FF77E3F0CE2]\n\t(No symbol) [0x00007FF77E2976AA]\n\t(No symbol) [0x00007FF77E2E1860]\n\t(No symbol) [0x00007FF77E2E197C]\n\t(No symbol) [0x00007FF77E324EE7]\n\t(No symbol) [0x00007FF77E30602F]\n\t(No symbol) [0x00007FF77E3228F6]\n\t(No symbol) [0x00007FF77E305D93]\n\t(No symbol) [0x00007FF77E2D4BDC]\n\t(No symbol) [0x00007FF77E2D5C64]\n\tGetHandleVerifier [0x00007FF77E7FE16B+3695259]\n\tGetHandleVerifier [0x00007FF77E856737+4057191]\n\tGetHandleVerifier [0x00007FF77E84E4E3+4023827]\n\tGetHandleVerifier [0x00007FF77E5204F9+689705]\n\t(No symbol) [0x00007FF77E3FC048]\n\t(No symbol) [0x00007FF77E3F8044]\n\t(No symbol) [0x00007FF77E3F81C9]\n\t(No symbol) [0x00007FF77E3E88C4]\n\tBaseThreadInitThunk [0x00007FF8DC1E53E0+16]\n\tRtlUserThreadStart [0x00007FF8DD6C485B+43]\n\n", "trace": "  File \"C:\\Users\\Arun\\AppData\\Local\\Programs\\Python\\Python312\\Lib\\site-packages\\behave\\model.py\", line 1329, in run\n    match.run(runner.context)\n  File \"C:\\Users\\Arun\\AppData\\Local\\Programs\\Python\\Python312\\Lib\\site-packages\\behave\\matchers.py\", line 98, in run\n    self.func(context, *args, **kwargs)\n  File \"features\\steps\\Redbusstep.py\", line 82, in step_impl\n    assert not context.driver.find_element(By.XPATH, \"//p[contains(text(), 'NON-AC')]\").is_displayed()\n               ^^^^^^^^^^^^^^^^^^^^^^^^^^^^^^^^^^^^^^^^^^^^^^^^^^^^^^^^^^^^^^^^^^^^^^^^\n  File \"C:\\Users\\Arun\\AppData\\Local\\Programs\\Python\\Python312\\Lib\\site-packages\\selenium\\webdriver\\remote\\webdriver.py\", line 742, in find_element\n    return self.execute(Command.FIND_ELEMENT, {\"using\": by, \"value\": value})[\"value\"]\n           ^^^^^^^^^^^^^^^^^^^^^^^^^^^^^^^^^^^^^^^^^^^^^^^^^^^^^^^^^^^^^^^^^\n  File \"C:\\Users\\Arun\\AppData\\Local\\Programs\\Python\\Python312\\Lib\\site-packages\\selenium\\webdriver\\remote\\webdriver.py\", line 348, in execute\n    self.error_handler.check_response(response)\n  File \"C:\\Users\\Arun\\AppData\\Local\\Programs\\Python\\Python312\\Lib\\site-packages\\selenium\\webdriver\\remote\\errorhandler.py\", line 229, in check_response\n    raise exception_class(message, screen, stacktrace)\n"}, "steps": [{"name": "Given Launch the chrome Browser", "status": "passed", "start": 1704274911791, "stop": 1704274913154}, {"name": "When Open Abhibus page", "status": "passed", "start": 1704274913154, "stop": 1704274914080}, {"name": "And Enter from \"Chennai\" and To \"Bangalore\"", "status": "passed", "start": 1704274914080, "stop": 1704274920364}, {"name": "And click today button and click search", "status": "passed", "start": 1704274920365, "stop": 1704274920728}, {"name": "And click on filter \"AC\"", "status": "passed", "start": 1704274920728, "stop": 1704274921962}, {"name": "Then Verify buses listed are as per the filter \"AC\"", "status": "broken", "statusDetails": {"message": "selenium.common.exceptions.NoSuchElementException: Message: no such element: Unable to locate element: {\"method\":\"xpath\",\"selector\":\"//p[contains(text(), 'NON-AC')]\"}\n  (Session info: chrome=120.0.6099.130); For documentation on this error, please visit: https://www.selenium.dev/documentation/webdriver/troubleshooting/errors#no-such-element-exception\nStacktrace:\n\tGetHandleVerifier [0x00007FF77E7D2142+3514994]\n\t(No symbol) [0x00007FF77E3F0CE2]\n\t(No symbol) [0x00007FF77E2976AA]\n\t(No symbol) [0x00007FF77E2E1860]\n\t(No symbol) [0x00007FF77E2E197C]\n\t(No symbol) [0x00007FF77E324EE7]\n\t(No symbol) [0x00007FF77E30602F]\n\t(No symbol) [0x00007FF77E3228F6]\n\t(No symbol) [0x00007FF77E305D93]\n\t(No symbol) [0x00007FF77E2D4BDC]\n\t(No symbol) [0x00007FF77E2D5C64]\n\tGetHandleVerifier [0x00007FF77E7FE16B+3695259]\n\tGetHandleVerifier [0x00007FF77E856737+4057191]\n\tGetHandleVerifier [0x00007FF77E84E4E3+4023827]\n\tGetHandleVerifier [0x00007FF77E5204F9+689705]\n\t(No symbol) [0x00007FF77E3FC048]\n\t(No symbol) [0x00007FF77E3F8044]\n\t(No symbol) [0x00007FF77E3F81C9]\n\t(No symbol) [0x00007FF77E3E88C4]\n\tBaseThreadInitThunk [0x00007FF8DC1E53E0+16]\n\tRtlUserThreadStart [0x00007FF8DD6C485B+43]\n\n", "trace": "  File \"C:\\Users\\Arun\\AppData\\Local\\Programs\\Python\\Python312\\Lib\\site-packages\\behave\\model.py\", line 1329, in run\n    match.run(runner.context)\n  File \"C:\\Users\\Arun\\AppData\\Local\\Programs\\Python\\Python312\\Lib\\site-packages\\behave\\matchers.py\", line 98, in run\n    self.func(context, *args, **kwargs)\n  File \"features\\steps\\Redbusstep.py\", line 82, in step_impl\n    assert not context.driver.find_element(By.XPATH, \"//p[contains(text(), 'NON-AC')]\").is_displayed()\n               ^^^^^^^^^^^^^^^^^^^^^^^^^^^^^^^^^^^^^^^^^^^^^^^^^^^^^^^^^^^^^^^^^^^^^^^^\n  File \"C:\\Users\\Arun\\AppData\\Local\\Programs\\Python\\Python312\\Lib\\site-packages\\selenium\\webdriver\\remote\\webdriver.py\", line 742, in find_element\n    return self.execute(Command.FIND_ELEMENT, {\"using\": by, \"value\": value})[\"value\"]\n           ^^^^^^^^^^^^^^^^^^^^^^^^^^^^^^^^^^^^^^^^^^^^^^^^^^^^^^^^^^^^^^^^^\n  File \"C:\\Users\\Arun\\AppData\\Local\\Programs\\Python\\Python312\\Lib\\site-packages\\selenium\\webdriver\\remote\\webdriver.py\", line 348, in execute\n    self.error_handler.check_response(response)\n  File \"C:\\Users\\Arun\\AppData\\Local\\Programs\\Python\\Python312\\Lib\\site-packages\\selenium\\webdriver\\remote\\errorhandler.py\", line 229, in check_response\n    raise exception_class(message, screen, stacktrace)\n"}, "start": 1704274921962, "stop": 1704274922026}], "parameters": [{"name": "From", "value": "Chennai"}, {"name": "To", "value": "Bangalore"}, {"name": "Filter", "value": "AC"}], "start": 1704274911791, "stop": 1704274922026, "uuid": "1003f157-0bd1-4bc8-b58b-d6dd2bd79c7b", "historyId": "e36bfff854b4963634ee2c4de7954729", "fullName": "RedBus: Verify Non AC buses are listed for Non AC filter and AC buses are listed for AC filter", "labels": [{"name": "severity", "value": "normal"}, {"name": "tag", "value": "Filter"}, {"name": "feature", "value": "RedBus"}, {"name": "framework", "value": "behave"}, {"name": "language", "value": "cpython3"}]}